This is pdfTeX, Version 3.14159265-2.6-1.40.16 (TeX Live 2015/Debian) (preloaded format=pdflatex 2016.8.8)  8 AUG 2016 21:38
entering extended mode
 restricted \write18 enabled.
 %&-line parsing enabled.
**assignment-01.tex
(./assignment-01.tex
LaTeX2e <2016/02/01>
Babel <3.9q> and hyphenation patterns for 5 language(s) loaded.
(/usr/share/texlive/texmf-dist/tex/latex/base/article.cls
Document Class: article 2014/09/29 v1.4h Standard LaTeX document class
(/usr/share/texlive/texmf-dist/tex/latex/base/size10.clo
File: size10.clo 2014/09/29 v1.4h Standard LaTeX file (size option)
)
\c@part=\count79
\c@section=\count80
\c@subsection=\count81
\c@subsubsection=\count82
\c@paragraph=\count83
\c@subparagraph=\count84
\c@figure=\count85
\c@table=\count86
\abovecaptionskip=\skip41
\belowcaptionskip=\skip42
\bibindent=\dimen102
)
(/usr/share/texlive/texmf-dist/tex/latex/fancyhdr/fancyhdr.sty
\fancy@headwidth=\skip43
\f@ncyO@elh=\skip44
\f@ncyO@erh=\skip45
\f@ncyO@olh=\skip46
\f@ncyO@orh=\skip47
\f@ncyO@elf=\skip48
\f@ncyO@erf=\skip49
\f@ncyO@olf=\skip50
\f@ncyO@orf=\skip51
) (./lastpage.sty
Package: lastpage 1994/06/25 v0.1b LaTeX2e package for refs to last page number
 (JPG)
) (/usr/share/texlive/texmf-dist/tex/latex/float/float.sty
Package: float 2001/11/08 v1.3d Float enhancements (AL)
\c@float@type=\count87
\float@exts=\toks14
\float@box=\box26
\@float@everytoks=\toks15
\@floatcapt=\box27
)
(/usr/share/texlive/texmf-dist/tex/latex/amsmath/amsmath.sty
Package: amsmath 2016/03/03 v2.15a AMS math features
\@mathmargin=\skip52

For additional information on amsmath, use the `?' option.
(/usr/share/texlive/texmf-dist/tex/latex/amsmath/amstext.sty
Package: amstext 2000/06/29 v2.01 AMS text

(/usr/share/texlive/texmf-dist/tex/latex/amsmath/amsgen.sty
File: amsgen.sty 1999/11/30 v2.0 generic functions
\@emptytoks=\toks16
\ex@=\dimen103
))
(/usr/share/texlive/texmf-dist/tex/latex/amsmath/amsbsy.sty
Package: amsbsy 1999/11/29 v1.2d Bold Symbols
\pmbraise@=\dimen104
)
(/usr/share/texlive/texmf-dist/tex/latex/amsmath/amsopn.sty
Package: amsopn 1999/12/14 v2.01 operator names
)
\inf@bad=\count88
LaTeX Info: Redefining \frac on input line 199.
\uproot@=\count89
\leftroot@=\count90
LaTeX Info: Redefining \overline on input line 297.
\classnum@=\count91
\DOTSCASE@=\count92
LaTeX Info: Redefining \ldots on input line 394.
LaTeX Info: Redefining \dots on input line 397.
LaTeX Info: Redefining \cdots on input line 518.
\Mathstrutbox@=\box28
\strutbox@=\box29
\big@size=\dimen105
LaTeX Font Info:    Redeclaring font encoding OML on input line 630.
LaTeX Font Info:    Redeclaring font encoding OMS on input line 631.
\macc@depth=\count93
\c@MaxMatrixCols=\count94
\dotsspace@=\muskip10
\c@parentequation=\count95
\dspbrk@lvl=\count96
\tag@help=\toks17
\row@=\count97
\column@=\count98
\maxfields@=\count99
\andhelp@=\toks18
\eqnshift@=\dimen106
\alignsep@=\dimen107
\tagshift@=\dimen108
\tagwidth@=\dimen109
\totwidth@=\dimen110
\lineht@=\dimen111
\@envbody=\toks19
\multlinegap=\skip53
\multlinetaggap=\skip54
\mathdisplay@stack=\toks20
LaTeX Info: Redefining \[ on input line 2735.
LaTeX Info: Redefining \] on input line 2736.
)
(/usr/share/texlive/texmf-dist/tex/latex/fancyhdr/extramarks.sty
\@temptokenb=\toks21
)
(/usr/share/texlive/texmf-dist/tex/latex/graphics/color.sty
Package: color 2016/01/03 v1.1b Standard LaTeX Color (DPC)

(/usr/share/texlive/texmf-dist/tex/latex/latexconfig/color.cfg
File: color.cfg 2007/01/18 v1.5 color configuration of teTeX/TeXLive
)
Package color Info: Driver file: pdftex.def on input line 143.

(/usr/share/texlive/texmf-dist/tex/latex/pdftex-def/pdftex.def
File: pdftex.def 2011/05/27 v0.06d Graphics/color for pdfTeX

(/usr/share/texlive/texmf-dist/tex/generic/oberdiek/infwarerr.sty
Package: infwarerr 2010/04/08 v1.3 Providing info/warning/error messages (HO)
)
(/usr/share/texlive/texmf-dist/tex/generic/oberdiek/ltxcmds.sty
Package: ltxcmds 2011/11/09 v1.22 LaTeX kernel commands for general use (HO)
)
\Gread@gobject=\count100
)
(/usr/share/texlive/texmf-dist/tex/latex/graphics/dvipsnam.def
File: dvipsnam.def 2015/12/30 v3.0k Driver-dependent file (DPC,SPQR)
))
(/usr/share/texlive/texmf-dist/tex/latex/graphics/graphicx.sty
Package: graphicx 2014/10/28 v1.0g Enhanced LaTeX Graphics (DPC,SPQR)

(/usr/share/texlive/texmf-dist/tex/latex/graphics/keyval.sty
Package: keyval 2014/10/28 v1.15 key=value parser (DPC)
\KV@toks@=\toks22
)
(/usr/share/texlive/texmf-dist/tex/latex/graphics/graphics.sty
Package: graphics 2016/01/03 v1.0q Standard LaTeX Graphics (DPC,SPQR)

(/usr/share/texlive/texmf-dist/tex/latex/graphics/trig.sty
Package: trig 2016/01/03 v1.10 sin cos tan (DPC)
)
(/usr/share/texlive/texmf-dist/tex/latex/latexconfig/graphics.cfg
File: graphics.cfg 2010/04/23 v1.9 graphics configuration of TeX Live
)
Package graphics Info: Driver file: pdftex.def on input line 95.
)
\Gin@req@height=\dimen112
\Gin@req@width=\dimen113
)
(/usr/share/texlive/texmf-dist/tex/latex/listings/listings.sty
\lst@mode=\count101
\lst@gtempboxa=\box30
\lst@token=\toks23
\lst@length=\count102
\lst@currlwidth=\dimen114
\lst@column=\count103
\lst@pos=\count104
\lst@lostspace=\dimen115
\lst@width=\dimen116
\lst@newlines=\count105
\lst@lineno=\count106
\lst@maxwidth=\dimen117

(/usr/share/texlive/texmf-dist/tex/latex/listings/lstmisc.sty
File: lstmisc.sty 2015/06/04 1.6 (Carsten Heinz)
\c@lstnumber=\count107
\lst@skipnumbers=\count108
\lst@framebox=\box31
)
(/usr/share/texlive/texmf-dist/tex/latex/listings/listings.cfg
File: listings.cfg 2015/06/04 1.6 listings configuration
))
Package: listings 2015/06/04 1.6 (Carsten Heinz)

(/usr/share/texlive/texmf-dist/tex/latex/psnfss/courier.sty
Package: courier 2005/04/12 PSNFSS-v9.2a (WaS) 
) (./lipsum.sty
Package: lipsum 2011/04/14 v1.2 150 paragraphs of Lorem Ipsum dummy text
\c@lips@count=\count109
)
(/usr/share/texlive/texmf-dist/tex/latex/listings/lstlang1.sty
File: lstlang1.sty 2015/06/04 1.6 listings language file
)
\c@homeworkProblemCounter=\count110

(./assignment-01.aux)
\openout1 = `assignment-01.aux'.

LaTeX Font Info:    Checking defaults for OML/cmm/m/it on input line 176.
LaTeX Font Info:    ... okay on input line 176.
LaTeX Font Info:    Checking defaults for T1/cmr/m/n on input line 176.
LaTeX Font Info:    ... okay on input line 176.
LaTeX Font Info:    Checking defaults for OT1/cmr/m/n on input line 176.
LaTeX Font Info:    ... okay on input line 176.
LaTeX Font Info:    Checking defaults for OMS/cmsy/m/n on input line 176.
LaTeX Font Info:    ... okay on input line 176.
LaTeX Font Info:    Checking defaults for OMX/cmex/m/n on input line 176.
LaTeX Font Info:    ... okay on input line 176.
LaTeX Font Info:    Checking defaults for U/cmr/m/n on input line 176.
LaTeX Font Info:    ... okay on input line 176.

(/usr/share/texlive/texmf-dist/tex/context/base/supp-pdf.mkii
[Loading MPS to PDF converter (version 2006.09.02).]
\scratchcounter=\count111
\scratchdimen=\dimen118
\scratchbox=\box32
\nofMPsegments=\count112
\nofMParguments=\count113
\everyMPshowfont=\toks24
\MPscratchCnt=\count114
\MPscratchDim=\dimen119
\MPnumerator=\count115
\makeMPintoPDFobject=\count116
\everyMPtoPDFconversion=\toks25
) (/usr/share/texlive/texmf-dist/tex/generic/oberdiek/pdftexcmds.sty
Package: pdftexcmds 2011/11/29 v0.20 Utility functions of pdfTeX for LuaTeX (HO
)

(/usr/share/texlive/texmf-dist/tex/generic/oberdiek/ifluatex.sty
Package: ifluatex 2010/03/01 v1.3 Provides the ifluatex switch (HO)
Package ifluatex Info: LuaTeX not detected.
)
(/usr/share/texlive/texmf-dist/tex/generic/oberdiek/ifpdf.sty
Package: ifpdf 2011/01/30 v2.3 Provides the ifpdf switch (HO)
Package ifpdf Info: pdfTeX in PDF mode is detected.
)
Package pdftexcmds Info: LuaTeX not detected.
Package pdftexcmds Info: \pdf@primitive is available.
Package pdftexcmds Info: \pdf@ifprimitive is available.
Package pdftexcmds Info: \pdfdraftmode found.
)
(/usr/share/texlive/texmf-dist/tex/latex/oberdiek/epstopdf-base.sty
Package: epstopdf-base 2010/02/09 v2.5 Base part for package epstopdf

(/usr/share/texlive/texmf-dist/tex/latex/oberdiek/grfext.sty
Package: grfext 2010/08/19 v1.1 Manage graphics extensions (HO)

(/usr/share/texlive/texmf-dist/tex/generic/oberdiek/kvdefinekeys.sty
Package: kvdefinekeys 2011/04/07 v1.3 Define keys (HO)
))
(/usr/share/texlive/texmf-dist/tex/latex/oberdiek/kvoptions.sty
Package: kvoptions 2011/06/30 v3.11 Key value format for package options (HO)

(/usr/share/texlive/texmf-dist/tex/generic/oberdiek/kvsetkeys.sty
Package: kvsetkeys 2012/04/25 v1.16 Key value parser (HO)

(/usr/share/texlive/texmf-dist/tex/generic/oberdiek/etexcmds.sty
Package: etexcmds 2011/02/16 v1.5 Avoid name clashes with e-TeX commands (HO)
Package etexcmds Info: Could not find \expanded.
(etexcmds)             That can mean that you are not using pdfTeX 1.50 or
(etexcmds)             that some package has redefined \expanded.
(etexcmds)             In the latter case, load this package earlier.
)))
Package grfext Info: Graphics extension search list:
(grfext)             [.png,.pdf,.jpg,.mps,.jpeg,.jbig2,.jb2,.PNG,.PDF,.JPG,.JPE
G,.JBIG2,.JB2,.eps]
(grfext)             \AppendGraphicsExtensions on input line 452.

(/usr/share/texlive/texmf-dist/tex/latex/latexconfig/epstopdf-sys.cfg
File: epstopdf-sys.cfg 2010/07/13 v1.3 Configuration of (r)epstopdf for TeX Liv
e
))
\c@lstlisting=\count117

[1

{/var/lib/texmf/fonts/map/pdftex/updmap/pdftex.map}] (./assignment-01.toc)
\tf@toc=\write3
\openout3 = `assignment-01.toc'.


[2] (/usr/share/texlive/texmf-dist/tex/latex/listings/lstlang1.sty
File: lstlang1.sty 2015/06/04 1.6 listings language file
)
(/usr/share/texlive/texmf-dist/tex/latex/listings/lstlang2.sty
File: lstlang2.sty 2015/06/04 1.6 listings language file
)
(/usr/share/texlive/texmf-dist/tex/latex/listings/lstlang3.sty
File: lstlang3.sty 2015/06/04 1.6 listings language file
)
Underfull \hbox (badness 10000) in paragraph at lines 199--200

 []

LaTeX Font Info:    Try loading font information for OT1+pcr on input line 200.

(/usr/share/texlive/texmf-dist/tex/latex/psnfss/ot1pcr.fd
File: ot1pcr.fd 2001/06/04 font definitions for OT1/pcr.
) (./prob1.R
LaTeX Font Info:    Try loading font information for OML+cmr on input line 4.

(/usr/share/texlive/texmf-dist/tex/latex/base/omlcmr.fd
File: omlcmr.fd 2014/09/29 v2.5h Standard LaTeX font definitions
)
LaTeX Font Info:    Font shape `OML/cmr/bx/n' in size <9> not available
(Font)              Font shape `OML/cmm/b/it' tried instead on input line 4.
LaTeX Font Info:    Try loading font information for OMS+cmr on input line 9.

(/usr/share/texlive/texmf-dist/tex/latex/base/omscmr.fd
File: omscmr.fd 2014/09/29 v2.5h Standard LaTeX font definitions
)
LaTeX Font Info:    Font shape `OMS/cmr/bx/n' in size <9> not available
(Font)              Font shape `OMS/cmsy/b/n' tried instead on input line 9.
 [3] [4] [5])
Underfull \hbox (badness 10000) in paragraph at lines 202--204

 []

[6]
Underfull \hbox (badness 10000) in paragraph at lines 209--210

 []


Underfull \hbox (badness 10000) in paragraph at lines 215--216

 []

<scatter_C.jpeg, id=32, 481.8pt x 481.8pt>
File: scatter_C.jpeg Graphic file (type jpg)
 <use scatter_C.jpeg>
Package pdftex.def Info: scatter_C.jpeg used on input line 222.
(pdftex.def)             Requested size: 211.3883pt x 211.38246pt.

<scatter_SP.jpeg, id=33, 481.8pt x 481.8pt>
File: scatter_SP.jpeg Graphic file (type jpg)
 <use scatter_SP.jpeg>
Package pdftex.def Info: scatter_SP.jpeg used on input line 223.
(pdftex.def)             Requested size: 211.3883pt x 211.38246pt.

<C.jpeg, id=34, 481.8pt x 481.8pt>
File: C.jpeg Graphic file (type jpg)
 <use C.jpeg>
Package pdftex.def Info: C.jpeg used on input line 231.
(pdftex.def)             Requested size: 328.82706pt x 328.83269pt.

<SP.jpeg, id=35, 481.8pt x 481.8pt>
File: SP.jpeg Graphic file (type jpg)
 <use SP.jpeg>
Package pdftex.def Info: SP.jpeg used on input line 232.
(pdftex.def)             Requested size: 328.82706pt x 328.83269pt.
 [7 <./scatter_C.jpeg> <./scatter_SP.jpeg>]
Overfull \vbox (33.3799pt too high) has occurred while \output is active []


[8 <./C.jpeg> <./SP.jpeg>] <Normal_QQ_C.jpeg, id=48, 481.8pt x 481.8pt>
File: Normal_QQ_C.jpeg Graphic file (type jpg)

<use Normal_QQ_C.jpeg>
Package pdftex.def Info: Normal_QQ_C.jpeg used on input line 240.
(pdftex.def)             Requested size: 211.3883pt x 211.38246pt.
 <t_QQ_C.jpeg, id=49, 481.8pt x 481.8pt>
File: t_QQ_C.jpeg Graphic file (type jpg)

<use t_QQ_C.jpeg>
Package pdftex.def Info: t_QQ_C.jpeg used on input line 241.
(pdftex.def)             Requested size: 211.3883pt x 211.38246pt.
 <Laplace_QQ_C.jpeg, id=50, 481.8pt x 481.8pt>
File: Laplace_QQ_C.jpeg Graphic file (type jpg)

<use Laplace_QQ_C.jpeg>
Package pdftex.def Info: Laplace_QQ_C.jpeg used on input line 242.
(pdftex.def)             Requested size: 211.3883pt x 211.38246pt.
 <Cauchy_QQ_C.jpeg, id=51, 481.8pt x 481.8pt>
File: Cauchy_QQ_C.jpeg Graphic file (type jpg)

<use Cauchy_QQ_C.jpeg>
Package pdftex.def Info: Cauchy_QQ_C.jpeg used on input line 243.
(pdftex.def)             Requested size: 211.3883pt x 211.38246pt.
 <MixNormal_QQ_C.jpeg, id=52, 481.8pt x 481.8pt>
File: MixNormal_QQ_C.jpeg Graphic file (type jpg)

<use MixNormal_QQ_C.jpeg>
Package pdftex.def Info: MixNormal_QQ_C.jpeg used on input line 244.
(pdftex.def)             Requested size: 211.3883pt x 211.38246pt.
 [9]
Overfull \vbox (10.86191pt too high) has occurred while \output is active []


[10 <./Normal_QQ_C.jpeg> <./t_QQ_C.jpeg> <./Laplace_QQ_C.jpeg> <./Cauchy_QQ_C.j
peg> <./MixNormal_QQ_C.jpeg>] <Normal_QQ_SP.jpeg, id=59, 481.8pt x 481.8pt>
File: Normal_QQ_SP.jpeg Graphic file (type jpg)

<use Normal_QQ_SP.jpeg>
Package pdftex.def Info: Normal_QQ_SP.jpeg used on input line 250.
(pdftex.def)             Requested size: 211.3883pt x 211.38246pt.
 <t_QQ_SP.jpeg, id=60, 481.8pt x 481.8pt>
File: t_QQ_SP.jpeg Graphic file (type jpg)

<use t_QQ_SP.jpeg>
Package pdftex.def Info: t_QQ_SP.jpeg used on input line 251.
(pdftex.def)             Requested size: 211.3883pt x 211.38246pt.
 <Laplace_QQ_SP.jpeg, id=61, 481.8pt x 481.8pt>
File: Laplace_QQ_SP.jpeg Graphic file (type jpg)

<use Laplace_QQ_SP.jpeg>
Package pdftex.def Info: Laplace_QQ_SP.jpeg used on input line 252.
(pdftex.def)             Requested size: 211.3883pt x 211.38246pt.
 <Cauchy_QQ_SP.jpeg, id=62, 481.8pt x 481.8pt>
File: Cauchy_QQ_SP.jpeg Graphic file (type jpg)

<use Cauchy_QQ_SP.jpeg>
Package pdftex.def Info: Cauchy_QQ_SP.jpeg used on input line 253.
(pdftex.def)             Requested size: 211.3883pt x 211.38246pt.
 <MixNormal_QQ_SP.jpeg, id=63, 481.8pt x 481.8pt>
File: MixNormal_QQ_SP.jpeg Graphic file (type jpg)

<use MixNormal_QQ_SP.jpeg>
Package pdftex.def Info: MixNormal_QQ_SP.jpeg used on input line 254.
(pdftex.def)             Requested size: 211.3883pt x 211.38246pt.

Overfull \vbox (10.86191pt too high) has occurred while \output is active []


[11 <./Normal_QQ_SP.jpeg> <./t_QQ_SP.jpeg> <./Laplace_QQ_SP.jpeg> <./Cauchy_QQ_
SP.jpeg> <./MixNormal_QQ_SP.jpeg>] <C_survival.jpeg, id=67, 481.8pt x 481.8pt>
File: C_survival.jpeg Graphic file (type jpg)

<use C_survival.jpeg>
Package pdftex.def Info: C_survival.jpeg used on input line 264.
(pdftex.def)             Requested size: 328.82706pt x 328.83269pt.
 <SP_survival.jpeg, id=68, 481.8pt x 481.8pt>
File: SP_survival.jpeg Graphic file (type jpg)

<use SP_survival.jpeg>
Package pdftex.def Info: SP_survival.jpeg used on input line 265.
(pdftex.def)             Requested size: 328.82706pt x 328.83269pt.
 [12]
Overfull \vbox (33.3799pt too high) has occurred while \output is active []


[13 <./C_survival.jpeg> <./SP_survival.jpeg>] AED: lastpage setting LastPage
[14] (./assignment-01.aux) ) 
Here is how much of TeX's memory you used:
 5044 strings out of 494910
 68097 string characters out of 6179837
 437412 words of memory out of 5000000
 8230 multiletter control sequences out of 15000+600000
 12250 words of font info for 44 fonts, out of 8000000 for 9000
 36 hyphenation exceptions out of 8191
 38i,12n,43p,296b,2375s stack positions out of 5000i,500n,10000p,200000b,80000s
{/usr/share/texlive/texmf-dist/fonts/enc/dvips/base
/8r.enc}</usr/share/texlive/texmf-dist/fonts/type1/public/amsfonts/cmextra/cmbs
y9.pfb></usr/share/texlive/texmf-dist/fonts/type1/public/amsfonts/cm/cmbx10.pfb
></usr/share/texlive/texmf-dist/fonts/type1/public/amsfonts/cm/cmbx12.pfb></usr
/share/texlive/texmf-dist/fonts/type1/public/amsfonts/cm/cmbx9.pfb></usr/share/
texlive/texmf-dist/fonts/type1/public/amsfonts/cm/cmex10.pfb></usr/share/texliv
e/texmf-dist/fonts/type1/public/amsfonts/cm/cmmi10.pfb></usr/share/texlive/texm
f-dist/fonts/type1/public/amsfonts/cm/cmmi7.pfb></usr/share/texlive/texmf-dist/
fonts/type1/public/amsfonts/cmextra/cmmib9.pfb></usr/share/texlive/texmf-dist/f
onts/type1/public/amsfonts/cm/cmr10.pfb></usr/share/texlive/texmf-dist/fonts/ty
pe1/public/amsfonts/cm/cmr5.pfb></usr/share/texlive/texmf-dist/fonts/type1/publ
ic/amsfonts/cm/cmr7.pfb></usr/share/texlive/texmf-dist/fonts/type1/public/amsfo
nts/cm/cmr9.pfb></usr/share/texlive/texmf-dist/fonts/type1/public/amsfonts/cm/c
msy10.pfb></usr/share/texlive/texmf-dist/fonts/type1/public/amsfonts/cm/cmsy9.p
fb></usr/share/texlive/texmf-dist/fonts/type1/public/amsfonts/cm/cmti12.pfb></u
sr/share/texlive/texmf-dist/fonts/type1/urw/courier/ucrr8a.pfb>
Output written on assignment-01.pdf (14 pages, 444869 bytes).
PDF statistics:
 131 PDF objects out of 1000 (max. 8388607)
 82 compressed objects within 1 object stream
 0 named destinations out of 1000 (max. 500000)
 81 words of extra memory for PDF output out of 10000 (max. 10000000)

